<?xml version="1.0" encoding="UTF-8"?>
<!-- Generated by org.testng.reporters.JUnitReportReporter -->
<testsuite hostname="DEEPAK-LAPTOP" failures="0" tests="5" name="api.test.UserTests" time="7.678" errors="0" timestamp="2025-08-07T17:03:31 IST" skipped="0">
  <testcase classname="api.test.UserTests" name="setupData" time="0.166"/>
  <testcase classname="api.test.UserTests" name="testPostUser" time="3.180"/>
  <testcase classname="api.test.UserTests" name="testgetUser" time="1.122"/>
  <testcase classname="api.test.UserTests" name="testUpdateUser" time="2.122"/>
  <testcase classname="api.test.UserTests" name="deleteUser" time="1.088"/>
</testsuite> <!-- api.test.UserTests -->
